18:04:57 **** Incremental Build of configuration Debug for project Robot Programming Practice ****
Info: Internal Builder is used for build
g++ -O0 -g3 -Wall -c -fmessage-length=0 -o "src\\Main.o" "..\\src\\Main.cpp" 
In file included from ..\src\Robot.h:18:0,
                 from ..\src\Main.cpp:8:
..\src\Hardware.h:13:7: error: 'Joystick' in namespace 'frc' does not name a type
  frc::Joystick* stick; // Declare that the robot has a Joystick. Don't actually bother defining it
       ^~~~~~~~
..\src\Hardware.h:24:7: error: 'Encoder' in namespace 'frc' does not name a type
  frc::Encoder* flE;
       ^~~~~~~
..\src\Hardware.h:25:7: error: 'Encoder' in namespace 'frc' does not name a type
  frc::Encoder* frE;
       ^~~~~~~
..\src\Hardware.h:26:7: error: 'Encoder' in namespace 'frc' does not name a type
  frc::Encoder* rlE;
       ^~~~~~~
..\src\Hardware.h:27:7: error: 'Encoder' in namespace 'frc' does not name a type
  frc::Encoder* rrE;
       ^~~~~~~
..\src\Hardware.h:29:7: error: 'AnalogGyro' in namespace 'frc' does not name a type
  frc::AnalogGyro* gyro;
       ^~~~~~~~~~
..\src\Hardware.h:34:7: error: 'DigitalInput' in namespace 'frc' does not name a type
  frc::DigitalInput* lPhoto;
       ^~~~~~~~~~~~
..\src\Hardware.h:35:7: error: 'DigitalInput' in namespace 'frc' does not name a type
  frc::DigitalInput* rPhoto;
       ^~~~~~~~~~~~
..\src\Hardware.h: In function 'void registerComponents()':
..\src\Hardware.h:41:2: error: 'stick' is not a member of 'hw'
  hw::stick = new frc::Joystick(0); // Initialize the joystick (see "Hardware.h")
  ^~
..\src\Hardware.h:41:18: error: expected type-specifier
  hw::stick = new frc::Joystick(0); // Initialize the joystick (see "Hardware.h")
                  ^~~
..\src\Hardware.h:50:2: error: 'flE' is not a member of 'hw'
  hw::flE = new frc::Encoder(1, 0, false, Encoder::EncodingType::k2X);
  ^~
..\src\Hardware.h:50:16: error: expected type-specifier
  hw::flE = new frc::Encoder(1, 0, false, Encoder::EncodingType::k2X);
                ^~~
..\src\Hardware.h:51:2: error: 'frE' is not a member of 'hw'
  hw::frE = new frc::Encoder(2, 3, false, Encoder::EncodingType::k2X);
  ^~
..\src\Hardware.h:51:16: error: expected type-specifier
  hw::frE = new frc::Encoder(2, 3, false, Encoder::EncodingType::k2X);
                ^~~
..\src\Hardware.h:52:2: error: 'rlE' is not a member of 'hw'
  hw::rlE = new frc::Encoder(4, 5, false, Encoder::EncodingType::k2X);
  ^~
..\src\Hardware.h:52:16: error: expected type-specifier
  hw::rlE = new frc::Encoder(4, 5, false, Encoder::EncodingType::k2X);
                ^~~
..\src\Hardware.h:53:2: error: 'rrE' is not a member of 'hw'
  hw::rrE = new frc::Encoder(6, 7, false, Encoder::EncodingType::k2X);
  ^~
..\src\Hardware.h:53:16: error: expected type-specifier
  hw::rrE = new frc::Encoder(6, 7, false, Encoder::EncodingType::k2X);
                ^~~
..\src\Hardware.h:55:2: error: 'gyro' is not a member of 'hw'
  hw::gyro = new frc::AnalogGyro(1);
  ^~
..\src\Hardware.h:55:17: error: expected type-specifier
  hw::gyro = new frc::AnalogGyro(1);
                 ^~~
..\src\Hardware.h:62:2: error: 'lPhoto' is not a member of 'hw'
  hw::lPhoto = new DigitalInput(8);
  ^~
..\src\Hardware.h:62:19: error: expected type-specifier before 'DigitalInput'
  hw::lPhoto = new DigitalInput(8);
                   ^~~~~~~~~~~~
..\src\Hardware.h:63:2: error: 'rPhoto' is not a member of 'hw'
  hw::rPhoto = new DigitalInput(9);
  ^~
..\src\Hardware.h:63:19: error: expected type-specifier before 'DigitalInput'
  hw::rPhoto = new DigitalInput(9);
                   ^~~~~~~~~~~~
In file included from ..\src\Main.cpp:8:0:
..\src\Robot.h: In member function 'virtual void Robot::Autonomous()':
..\src\Robot.h:67:10: error: 'virtual bool frc::SampleRobot::IsAutonomous()' is private within this context
   while (IsAutonomous() && IsEnabled()) { // Check that the robot should still run Autonomous code
          ^~~~~~~~~~~~
In file included from ..\src\Robot.h:16:0,
                 from ..\src\Main.cpp:8:
..\src\inc/custom.h:24:15: note: declared private here
  virtual bool IsAutonomous();
               ^~~~~~~~~~~~
In file included from ..\src\Main.cpp:8:0:
..\src\Robot.h:67:23: error: 'virtual bool frc::SampleRobot::IsAutonomous()' is private within this context
   while (IsAutonomous() && IsEnabled()) { // Check that the robot should still run Autonomous code
                       ^
In file included from ..\src\Robot.h:16:0,
                 from ..\src\Main.cpp:8:
..\src\inc/custom.h:24:15: note: declared private here
  virtual bool IsAutonomous();
               ^~~~~~~~~~~~
In file included from ..\src\Main.cpp:8:0:
..\src\Robot.h:67:28: error: 'virtual bool frc::SampleRobot::IsEnabled()' is private within this context
   while (IsAutonomous() && IsEnabled()) { // Check that the robot should still run Autonomous code
                            ^~~~~~~~~
In file included from ..\src\Robot.h:16:0,
                 from ..\src\Main.cpp:8:
..\src\inc/custom.h:64:6: note: declared private here
 bool frc::SampleRobot::IsEnabled(){
      ^~~
In file included from ..\src\Main.cpp:8:0:
..\src\Robot.h:67:38: error: 'virtual bool frc::SampleRobot::IsEnabled()' is private within this context
   while (IsAutonomous() && IsEnabled()) { // Check that the robot should still run Autonomous code
                                      ^
In file included from ..\src\Robot.h:16:0,
                 from ..\src\Main.cpp:8:
..\src\inc/custom.h:64:6: note: declared private here
 bool frc::SampleRobot::IsEnabled(){
      ^~~
In file included from ..\src\Main.cpp:8:0:
..\src\Robot.h:73:4: error: 'Wait' is not a member of 'frc'
    frc::Wait(0.005); // Wait for the motors to update
    ^~~
..\src\Robot.h: In member function 'virtual void Robot::OperatorControl()':
..\src\Robot.h:85:10: error: 'virtual bool frc::SampleRobot::IsOperatorControl()' is private within this context
   while (IsOperatorControl() && IsEnabled()) { // Check that the robot should still run TeleOp code
          ^~~~~~~~~~~~~~~~~
In file included from ..\src\Robot.h:16:0,
                 from ..\src\Main.cpp:8:
..\src\inc/custom.h:67:6: note: declared private here
 bool frc::SampleRobot::IsOperatorControl(){
      ^~~
In file included from ..\src\Main.cpp:8:0:
..\src\Robot.h:85:28: error: 'virtual bool frc::SampleRobot::IsOperatorControl()' is private within this context
   while (IsOperatorControl() && IsEnabled()) { // Check that the robot should still run TeleOp code
                            ^
In file included from ..\src\Robot.h:16:0,
                 from ..\src\Main.cpp:8:
..\src\inc/custom.h:67:6: note: declared private here
 bool frc::SampleRobot::IsOperatorControl(){
      ^~~
In file included from ..\src\Main.cpp:8:0:
..\src\Robot.h:85:33: error: 'virtual bool frc::SampleRobot::IsEnabled()' is private within this context
   while (IsOperatorControl() && IsEnabled()) { // Check that the robot should still run TeleOp code
                                 ^~~~~~~~~
In file included from ..\src\Robot.h:16:0,
                 from ..\src\Main.cpp:8:
..\src\inc/custom.h:64:6: note: declared private here
 bool frc::SampleRobot::IsEnabled(){
      ^~~
In file included from ..\src\Main.cpp:8:0:
..\src\Robot.h:85:43: error: 'virtual bool frc::SampleRobot::IsEnabled()' is private within this context
   while (IsOperatorControl() && IsEnabled()) { // Check that the robot should still run TeleOp code
                                           ^
In file included from ..\src\Robot.h:16:0,
                 from ..\src\Main.cpp:8:
..\src\inc/custom.h:64:6: note: declared private here
 bool frc::SampleRobot::IsEnabled(){
      ^~~
In file included from ..\src\Main.cpp:8:0:
..\src\Robot.h:91:4: error: 'Wait' is not a member of 'frc'
    frc::Wait(0.005); // Wait for the motors to update
    ^~~
In file included from ..\src\ModuleLoader.h:13:0,
                 from ..\src\Robot.h:115,
                 from ..\src\Main.cpp:8:
..\src\modules/DriveTrain.h: In member function 'virtual void DriveTrain::OperatorControl()':
..\src\modules/DriveTrain.h:41:22: error: 'stick' is not a member of 'hw'
   double leftAxisX = hw::stick->GetX(frc::Joystick::kLeftHand); // Gets the left joystick's left<->right movement (from 0.0 to 1.0)
                      ^~
..\src\modules/DriveTrain.h:41:43: error: 'frc::Joystick' has not been declared
   double leftAxisX = hw::stick->GetX(frc::Joystick::kLeftHand); // Gets the left joystick's left<->right movement (from 0.0 to 1.0)
                                           ^~~~~~~~
In file included from ..\src\ModuleLoader.h:13:0,
                 from ..\src\Robot.h:115,
                 from ..\src\Main.cpp:8:
..\src\modules/DriveTrain.h:42:22: error: 'stick' is not a member of 'hw'
   double leftAxisY = hw::stick->GetY(frc::Joystick::kLeftHand); // Same thing, with its up<->down movement
                      ^~
..\src\modules/DriveTrain.h:42:43: error: 'frc::Joystick' has not been declared
   double leftAxisY = hw::stick->GetY(frc::Joystick::kLeftHand); // Same thing, with its up<->down movement
                                           ^~~~~~~~
..\src\modules/DriveTrain.h:43:23: error: 'stick' is not a member of 'hw'
   double rightAxisZ = hw::stick->GetZ(frc::Joystick::kRightHand); // Now get the right Joystick's left<->right movement
                       ^~
..\src\modules/DriveTrain.h:43:44: error: 'frc::Joystick' has not been declared
   double rightAxisZ = hw::stick->GetZ(frc::Joystick::kRightHand); // Now get the right Joystick's left<->right movement
                                            ^~~~~~~~
..\src\modules/DriveTrain.h:44:21: error: 'stick' is not a member of 'hw'
   bool goStraight = hw::stick->GetRawButton(4);
                     ^~
..\src\modules/DriveTrain.h: In static member function 'static void DriveTrain::drive(double, double, double, bool)':
..\src\modules/DriveTrain.h:52:16: error: 'flE' is not a member of 'hw'
    int iflTi = hw::flE->Get();
                ^~
..\src\modules/DriveTrain.h:53:16: error: 'frE' is not a member of 'hw'
    int ifrTi = hw::frE->Get();
                ^~
..\src\modules/DriveTrain.h:54:16: error: 'rlE' is not a member of 'hw'
    int irlTi = hw::rlE->Get();
                ^~
..\src\modules/DriveTrain.h:55:16: error: 'rrE' is not a member of 'hw'
    int irrTi = hw::rrE->Get();
                ^~
..\src\modules/DriveTrain.h:56:4: error: 'flE' is not a member of 'hw'
    hw::flE->Reset();
    ^~
..\src\modules/DriveTrain.h:57:4: error: 'frE' is not a member of 'hw'
    hw::frE->Reset();
    ^~
..\src\modules/DriveTrain.h:58:4: error: 'rlE' is not a member of 'hw'
    hw::rlE->Reset();
    ^~
..\src\modules/DriveTrain.h:59:4: error: 'rrE' is not a member of 'hw'
    hw::rrE->Reset();
    ^~
..\src\modules/DriveTrain.h:84:19: error: 'isnan' was not declared in this scope
    if(isnan(avgRat) || avgRat == 0.0){
                   ^
..\src\modules/DriveTrain.h:84:19: note: suggested alternative:
In file included from ..\src\Robot.h:14:0,
                 from ..\src\Main.cpp:8:
c:\mingw\lib\gcc\mingw32\6.3.0\include\c++\cmath:662:5: note:   'std::isnan'
     isnan(_Tp __x)
     ^~~~~
In file included from ..\src\ModuleLoader.h:13:0,
                 from ..\src\Robot.h:115,
                 from ..\src\Main.cpp:8:
..\src\modules/DriveTrain.h:105:45: error: 'isnan' was not declared in this scope
       DriveTrainPrivate::flTi *= isnan(flTi2) ? 1.0 : flTi2;
                                             ^
..\src\modules/DriveTrain.h:105:45: note: suggested alternative:
In file included from ..\src\Robot.h:14:0,
                 from ..\src\Main.cpp:8:
c:\mingw\lib\gcc\mingw32\6.3.0\include\c++\cmath:662:5: note:   'std::isnan'
     isnan(_Tp __x)
     ^~~~~
In file included from ..\src\ModuleLoader.h:13:0,
                 from ..\src\Robot.h:115,
                 from ..\src\Main.cpp:8:
..\src\modules/DriveTrain.h:113:70: error: 'isinf' was not declared in this scope
    if(DriveTrainPrivate::flTi == 0.0 || isinf(DriveTrainPrivate::flTi) || isnan(DriveTrainPrivate::flTi)) DriveTrainPrivate::flTi = 1.0;
                                                                      ^
..\src\modules/DriveTrain.h:113:70: note: suggested alternative:
In file included from ..\src\Robot.h:14:0,
                 from ..\src\Main.cpp:8:
c:\mingw\lib\gcc\mingw32\6.3.0\include\c++\cmath:635:5: note:   'std::isinf'
     isinf(_Tp __x)
     ^~~~~
In file included from ..\src\ModuleLoader.h:13:0,
                 from ..\src\Robot.h:115,
                 from ..\src\Main.cpp:8:
..\src\modules/DriveTrain.h:113:104: error: 'isnan' was not declared in this scope
    if(DriveTrainPrivate::flTi == 0.0 || isinf(DriveTrainPrivate::flTi) || isnan(DriveTrainPrivate::flTi)) DriveTrainPrivate::flTi = 1.0;
                                                                                                        ^
..\src\modules/DriveTrain.h:113:104: note: suggested alternative:
In file included from ..\src\Robot.h:14:0,
                 from ..\src\Main.cpp:8:
c:\mingw\lib\gcc\mingw32\6.3.0\include\c++\cmath:662:5: note:   'std::isnan'
     isnan(_Tp __x)
     ^~~~~
In file included from ..\src\ModuleLoader.h:13:0,
                 from ..\src\Robot.h:115,
                 from ..\src\Main.cpp:8:
..\src\modules/DriveTrain.h:114:70: error: 'isinf' was not declared in this scope
    if(DriveTrainPrivate::frTi == 0.0 || isinf(DriveTrainPrivate::frTi) || isnan(DriveTrainPrivate::frTi)) DriveTrainPrivate::frTi = 1.0;
                                                                      ^
..\src\modules/DriveTrain.h:114:70: note: suggested alternative:
In file included from ..\src\Robot.h:14:0,
                 from ..\src\Main.cpp:8:
c:\mingw\lib\gcc\mingw32\6.3.0\include\c++\cmath:635:5: note:   'std::isinf'
     isinf(_Tp __x)
     ^~~~~
In file included from ..\src\ModuleLoader.h:13:0,
                 from ..\src\Robot.h:115,
                 from ..\src\Main.cpp:8:
..\src\modules/DriveTrain.h:114:104: error: 'isnan' was not declared in this scope
    if(DriveTrainPrivate::frTi == 0.0 || isinf(DriveTrainPrivate::frTi) || isnan(DriveTrainPrivate::frTi)) DriveTrainPrivate::frTi = 1.0;
                                                                                                        ^
..\src\modules/DriveTrain.h:114:104: note: suggested alternative:
In file included from ..\src\Robot.h:14:0,
                 from ..\src\Main.cpp:8:
c:\mingw\lib\gcc\mingw32\6.3.0\include\c++\cmath:662:5: note:   'std::isnan'
     isnan(_Tp __x)
     ^~~~~
In file included from ..\src\ModuleLoader.h:13:0,
                 from ..\src\Robot.h:115,
                 from ..\src\Main.cpp:8:
..\src\modules/DriveTrain.h:115:70: error: 'isinf' was not declared in this scope
    if(DriveTrainPrivate::rlTi == 0.0 || isinf(DriveTrainPrivate::rlTi) || isnan(DriveTrainPrivate::rlTi)) DriveTrainPrivate::rlTi = 1.0;
                                                                      ^
..\src\modules/DriveTrain.h:115:70: note: suggested alternative:
In file included from ..\src\Robot.h:14:0,
                 from ..\src\Main.cpp:8:
c:\mingw\lib\gcc\mingw32\6.3.0\include\c++\cmath:635:5: note:   'std::isinf'
     isinf(_Tp __x)
     ^~~~~
In file included from ..\src\ModuleLoader.h:13:0,
                 from ..\src\Robot.h:115,
                 from ..\src\Main.cpp:8:
..\src\modules/DriveTrain.h:115:104: error: 'isnan' was not declared in this scope
    if(DriveTrainPrivate::rlTi == 0.0 || isinf(DriveTrainPrivate::rlTi) || isnan(DriveTrainPrivate::rlTi)) DriveTrainPrivate::rlTi = 1.0;
                                                                                                        ^
..\src\modules/DriveTrain.h:115:104: note: suggested alternative:
In file included from ..\src\Robot.h:14:0,
                 from ..\src\Main.cpp:8:
c:\mingw\lib\gcc\mingw32\6.3.0\include\c++\cmath:662:5: note:   'std::isnan'
     isnan(_Tp __x)
     ^~~~~
In file included from ..\src\ModuleLoader.h:13:0,
                 from ..\src\Robot.h:115,
                 from ..\src\Main.cpp:8:
..\src\modules/DriveTrain.h:116:70: error: 'isinf' was not declared in this scope
    if(DriveTrainPrivate::rrTi == 0.0 || isinf(DriveTrainPrivate::rrTi) || isnan(DriveTrainPrivate::rrTi)) DriveTrainPrivate::rrTi = 1.0;
                                                                      ^
..\src\modules/DriveTrain.h:116:70: note: suggested alternative:
In file included from ..\src\Robot.h:14:0,
                 from ..\src\Main.cpp:8:
c:\mingw\lib\gcc\mingw32\6.3.0\include\c++\cmath:635:5: note:   'std::isinf'
     isinf(_Tp __x)
     ^~~~~
In file included from ..\src\ModuleLoader.h:13:0,
                 from ..\src\Robot.h:115,
                 from ..\src\Main.cpp:8:
..\src\modules/DriveTrain.h:116:104: error: 'isnan' was not declared in this scope
    if(DriveTrainPrivate::rrTi == 0.0 || isinf(DriveTrainPrivate::rrTi) || isnan(DriveTrainPrivate::rrTi)) DriveTrainPrivate::rrTi = 1.0;
                                                                                                        ^
..\src\modules/DriveTrain.h:116:104: note: suggested alternative:
In file included from ..\src\Robot.h:14:0,
                 from ..\src\Main.cpp:8:
c:\mingw\lib\gcc\mingw32\6.3.0\include\c++\cmath:662:5: note:   'std::isnan'
     isnan(_Tp __x)
     ^~~~~
In file included from ..\src\ModuleLoader.h:13:0,
                 from ..\src\Robot.h:115,
                 from ..\src\Main.cpp:8:
..\src\modules/DriveTrain.h:129:19: error: 'stick' is not a member of 'hw'
   bool speedBtn = hw::stick->GetRawButton(12);
                   ^~
..\src\modules/DriveTrain.h:149:3: error: 'SmartDashboard' has not been declared
   SmartDashboard::PutNumber("DriveTrain speed", speedFactor);
   ^~~~~~~~~~~~~~
..\src\modules/DriveTrain.h:191:87: error: no matching function for call to 'frc::SmartDashboard::PutNumber(const char [25], double&)'
    frc::SmartDashboard::PutNumber("DriveTrainPrivate::flDev", DriveTrainPrivate::flDev);
                                                                                       ^
In file included from ..\src\Robot.h:16:0,
                 from ..\src\Main.cpp:8:
..\src\inc/custom.h:30:14: note: candidate: static void frc::SmartDashboard::PutNumber(double)
  static void PutNumber(double number){
              ^~~~~~~~~
..\src\inc/custom.h:30:14: note:   candidate expects 1 argument, 2 provided
In file included from ..\src\ModuleLoader.h:13:0,
                 from ..\src\Robot.h:115,
                 from ..\src\Main.cpp:8:
..\src\modules/DriveTrain.h:192:87: error: no matching function for call to 'frc::SmartDashboard::PutNumber(const char [25], double&)'
    frc::SmartDashboard::PutNumber("DriveTrainPrivate::frDev", DriveTrainPrivate::frDev);
                                                                                       ^
In file included from ..\src\Robot.h:16:0,
                 from ..\src\Main.cpp:8:
..\src\inc/custom.h:30:14: note: candidate: static void frc::SmartDashboard::PutNumber(double)
  static void PutNumber(double number){
              ^~~~~~~~~
..\src\inc/custom.h:30:14: note:   candidate expects 1 argument, 2 provided
In file included from ..\src\ModuleLoader.h:13:0,
                 from ..\src\Robot.h:115,
                 from ..\src\Main.cpp:8:
..\src\modules/DriveTrain.h:193:87: error: no matching function for call to 'frc::SmartDashboard::PutNumber(const char [25], double&)'
    frc::SmartDashboard::PutNumber("DriveTrainPrivate::rlDev", DriveTrainPrivate::rlDev);
                                                                                       ^
In file included from ..\src\Robot.h:16:0,
                 from ..\src\Main.cpp:8:
..\src\inc/custom.h:30:14: note: candidate: static void frc::SmartDashboard::PutNumber(double)
  static void PutNumber(double number){
              ^~~~~~~~~
..\src\inc/custom.h:30:14: note:   candidate expects 1 argument, 2 provided
In file included from ..\src\ModuleLoader.h:13:0,
                 from ..\src\Robot.h:115,
                 from ..\src\Main.cpp:8:
..\src\modules/DriveTrain.h:194:87: error: no matching function for call to 'frc::SmartDashboard::PutNumber(const char [25], double&)'
    frc::SmartDashboard::PutNumber("DriveTrainPrivate::rrDev", DriveTrainPrivate::rrDev);
                                                                                       ^
In file included from ..\src\Robot.h:16:0,
                 from ..\src\Main.cpp:8:
..\src\inc/custom.h:30:14: note: candidate: static void frc::SmartDashboard::PutNumber(double)
  static void PutNumber(double number){
              ^~~~~~~~~
..\src\inc/custom.h:30:14: note:   candidate expects 1 argument, 2 provided
In file included from ..\src\ModuleLoader.h:13:0,
                 from ..\src\Robot.h:115,
                 from ..\src\Main.cpp:8:
..\src\modules/DriveTrain.h:198:4: error: 'SmartDashboard' has not been declared
    SmartDashboard::PutNumber("Correction factor fl", DriveTrainPrivate::flTi);
    ^~~~~~~~~~~~~~
..\src\modules/DriveTrain.h:199:4: error: 'SmartDashboard' has not been declared
    SmartDashboard::PutNumber("Correction factor fr", DriveTrainPrivate::frTi);
    ^~~~~~~~~~~~~~
..\src\modules/DriveTrain.h:200:4: error: 'SmartDashboard' has not been declared
    SmartDashboard::PutNumber("Correction factor rl", DriveTrainPrivate::rlTi);
    ^~~~~~~~~~~~~~
..\src\modules/DriveTrain.h:201:4: error: 'SmartDashboard' has not been declared
    SmartDashboard::PutNumber("Correction factor rr", DriveTrainPrivate::rrTi);
    ^~~~~~~~~~~~~~
In file included from ..\src\ModuleLoader.h:14:0,
                 from ..\src\Robot.h:115,
                 from ..\src\Main.cpp:8:
..\src\modules/AutonomousMain.h: At global scope:
..\src\modules/AutonomousMain.h:13:7: error: 'Timer' in namespace 'frc' does not name a type
  frc::Timer* autoTimer = new frc::Timer();
       ^~~~~
..\src\modules/AutonomousMain.h: In member function 'virtual void AutonomousMain::ModuleInit()':
..\src\modules/AutonomousMain.h:18:3: error: 'SetDefaultNumber' is not a member of 'frc::SmartDashboard'
   frc::SmartDashboard::SetDefaultNumber("Starting position (1, 2 or 3)", 0);
   ^~~
..\src\modules/AutonomousMain.h:19:3: error: 'autoTimer' is not a member of 'AutonomousPrivate'
   AutonomousPrivate::autoTimer->Reset();
   ^~~~~~~~~~~~~~~~~
..\src\modules/AutonomousMain.h:20:3: error: 'autoTimer' is not a member of 'AutonomousPrivate'
   AutonomousPrivate::autoTimer->Stop();
   ^~~~~~~~~~~~~~~~~
..\src\modules/AutonomousMain.h: In member function 'virtual void AutonomousMain::Autonomous()':
..\src\modules/AutonomousMain.h:23:6: error: 'autoTimer' is not a member of 'AutonomousPrivate'
   if(AutonomousPrivate::autoTimer->Get() < 4.0){
      ^~~~~~~~~~~~~~~~~
..\src\modules/AutonomousMain.h:24:19: error: 'GetNumber' is not a member of 'frc::SmartDashboard'
    int autoMode = frc::SmartDashboard::GetNumber("Starting position (1, 2 or 3)", 0);
                   ^~~
..\src\modules/AutonomousMain.h:46:5: error: 'autoTimer' is not a member of 'AutonomousPrivate'
     AutonomousPrivate::autoTimer->Reset();
     ^~~~~~~~~~~~~~~~~
..\src\modules/AutonomousMain.h:47:5: error: 'autoTimer' is not a member of 'AutonomousPrivate'
     AutonomousPrivate::autoTimer->Start();
     ^~~~~~~~~~~~~~~~~
..\src\modules/AutonomousMain.h: In member function 'virtual void AutonomousMain::ModeChange()':
..\src\modules/AutonomousMain.h:56:3: error: 'autoTimer' is not a member of 'AutonomousPrivate'
   AutonomousPrivate::autoTimer->Reset();
   ^~~~~~~~~~~~~~~~~
..\src\modules/AutonomousMain.h:57:3: error: 'autoTimer' is not a member of 'AutonomousPrivate'
   AutonomousPrivate::autoTimer->Stop();
   ^~~~~~~~~~~~~~~~~
In file included from ..\src\ModuleLoader.h:15:0,
                 from ..\src\Robot.h:115,
                 from ..\src\Main.cpp:8:
..\src\modules/Bucket.h: In member function 'virtual void Bucket::OperatorControl()':
..\src\modules/Bucket.h:11:24: error: 'stick' is not a member of 'hw'
    bool rightTrigger = hw::stick->GetRawButton(8);
                        ^~
..\src\modules/Bucket.h:12:24: error: 'stick' is not a member of 'hw'
    bool rightBumper  = hw::stick->GetRawButton(6);
                        ^~
In file included from ..\src\ModuleLoader.h:16:0,
                 from ..\src\Robot.h:115,
                 from ..\src\Main.cpp:8:
..\src\modules/Uber.h: In member function 'virtual void Uber::OperatorControl()':
..\src\modules/Uber.h:22:22: error: 'stick' is not a member of 'hw'
   bool leftTrigger = hw::stick->GetRawButton(7);
                      ^~
..\src\modules/Uber.h:23:22: error: 'stick' is not a member of 'hw'
   bool leftBumper  = hw::stick->GetRawButton(5);
                      ^~
In file included from ..\src\ModuleLoader.h:17:0,
                 from ..\src\Robot.h:115,
                 from ..\src\Main.cpp:8:
..\src\modules/Balls.h: In member function 'virtual void Balls::OperatorControl()':
..\src\modules/Balls.h:16:19: error: 'stick' is not a member of 'hw'
   bool shootBtn = hw::stick->GetRawButton(3);
                   ^~
In file included from ..\src\ModuleLoader.h:18:0,
                 from ..\src\Robot.h:115,
                 from ..\src\Main.cpp:8:
..\src\modules/ReflectorSensors.h: In member function 'virtual void ReflectorSensors::OperatorControl()':
..\src\modules/ReflectorSensors.h:14:49: error: 'lPhoto' is not a member of 'hw'
   frc::SmartDashboard::PutNumber("Left sensor", hw::lPhoto->Get() ? 1.0 : 0.0);
                                                 ^~
..\src\modules/ReflectorSensors.h:15:50: error: 'rPhoto' is not a member of 'hw'
   frc::SmartDashboard::PutNumber("Right sensor", hw::rPhoto->Get() ? 1.0 : 0.0);
                                                  ^~
..\src\Main.cpp: At global scope:
..\src\Main.cpp:12:1: error: specializing member '::START_ROBOT_CLASS<Robot>' requires 'template<>' syntax
 START_ROBOT_CLASS<Robot>(); // Tells WPILib where our Robot is actually located
 ^~~~~~~~~~~~~~~~~~~~~~~~

18:05:01 Build Finished (took 4s.689ms)

